<?xml version="1.0" encoding="UTF-8"?>
<!-- Generated by org.testng.reporters.JUnitXMLReporter -->
<testsuite hostname="DESKTOP-QOG61BE" ignored="2" name="Test" tests="1" failures="0" timestamp="02 Jan 2024 00:46:40 GMT" time="0.0" errors="0">
  <testcase name="loginPage" time="0.0" classname="com.org.AttributeGroup1Test"/>
  <testcase name="logout" time="0.0" classname="com.org.AttributeGroup3Test">
    <ignored/>
  </testcase> <!-- logout -->
  <testcase name="homePage" time="0.0" classname="com.org.AttributeGroup2Test">
    <ignored/>
  </testcase> <!-- homePage -->
</testsuite> <!-- Test -->
