<?xml version="1.0" encoding="UTF-8"?>
<!-- Generated by org.testng.reporters.JUnitXMLReporter -->
<testsuite hostname="DESKTOP-QOG61BE" ignored="1" name="Test" tests="4" failures="0" timestamp="04 Jan 2024 03:30:40 GMT" time="0.0" errors="0">
  <testcase name="apple" time="0.0" classname="com.fruits.AppleTest"/>
  <testcase name="mango" time="0.0" classname="com.fruits.MangoTest"/>
  <testcase name="orange" time="0.0" classname="com.fruits.OrangeTest"/>
  <testcase name="pomogranate" time="0.0" classname="com.fruits.PomogranateTest"/>
  <testcase name="banana" time="0.0" classname="com.fruits.BananaTest">
    <ignored/>
  </testcase> <!-- banana -->
</testsuite> <!-- Test -->
