<?xml version="1.0" encoding="UTF-8"?>
<!-- Generated by org.testng.reporters.JUnitXMLReporter -->
<testsuite hostname="DESKTOP-QOG61BE" name="Test" tests="10" failures="0" timestamp="2 Jan 2024 00:40:10 GMT" time="5.882" errors="0">
  <testcase name="updateTest" time="2.75" classname="com.api.UpdateTest"/>
  <testcase name="newUser" time="0.367" classname="com.api.CreateUser"/>
  <testcase name="country" time="1.241" classname="com.api.CountryTest"/>
  <testcase name="assertTest" time="0.313" classname="com.api.AssertTest"/>
  <testcase name="register" time="0.318" classname="com.api.ResgisterTest"/>
  <testcase name="listResource" time="0.118" classname="com.api.ListResource"/>
  <testcase name="allUsers" time="0.125" classname="com.api.AllUsersTest"/>
  <testcase name="allUsers1" time="0.169" classname="com.api.AllUsersTest"/>
  <testcase name="singleUser" time="0.136" classname="com.api.AllUsersTest"/>
  <testcase name="deleteTest" time="0.326" classname="com.api.DeleteTest"/>
</testsuite> <!-- Test -->
