<?xml version="1.0" encoding="UTF-8"?>
<!-- Generated by org.testng.reporters.JUnitXMLReporter -->
<testsuite hostname="DESKTOP-QOG61BE" name="Test" tests="7" failures="0" timestamp="4 Jan 2024 03:24:58 GMT" time="3.986" errors="0">
  <testcase name="update" time="2.66" classname="com.rest.UpdateTest"/>
  <testcase name="create" time="0.358" classname="com.rest.CreateTest"/>
  <testcase name="delete" time="0.317" classname="com.rest.DeleteTest"/>
  <testcase name="listUsers" time="0.123" classname="com.rest.ListUsersTest"/>
  <testcase name="listResource" time="0.107" classname="com.rest.ListResourceTest"/>
  <testcase name="singleResource" time="0.312" classname="com.rest.SingleResourceTest"/>
  <testcase name="singleUser" time="0.087" classname="com.rest.SingleUserTest"/>
</testsuite> <!-- Test -->
