<?xml version="1.0" encoding="UTF-8"?>
<!-- Generated by org.testng.reporters.JUnitXMLReporter -->
<testsuite hostname="DESKTOP-QOG61BE" ignored="0" name="Test" tests="5" failures="0" timestamp="02 Jan 2024 00:46:40 GMT" time="0.0" errors="0">
  <testcase name="chilly" time="0.0" classname="com.vegetables.ChillyTest"/>
  <testcase name="potato" time="0.0" classname="com.vegetables.PotatoTest"/>
  <testcase name="beans" time="0.0" classname="com.vegetables.BeansTest"/>
  <testcase name="tomato" time="0.0" classname="com.vegetables.TomatoTest"/>
  <testcase name="onion" time="0.0" classname="com.vegetables.OnionTest"/>
</testsuite> <!-- Test -->
