<?xml version="1.0" encoding="UTF-8"?>
<!-- Generated by org.testng.reporters.JUnitXMLReporter -->
<testsuite hostname="DESKTOP-QOG61BE" ignored="0" name="Test" tests="5" failures="0" timestamp="04 Jan 2024 03:30:40 GMT" time="0.003" errors="0">
  <testcase name="beans" time="0.0" classname="com.vegetables.BeansTest"/>
  <testcase name="chilly" time="0.0" classname="com.vegetables.ChillyTest"/>
  <testcase name="onion" time="0.0" classname="com.vegetables.OnionTest"/>
  <testcase name="tomato" time="0.0" classname="com.vegetables.TomatoTest"/>
  <testcase name="potato" time="0.0" classname="com.vegetables.PotatoTest"/>
</testsuite> <!-- Test -->
