<?xml version="1.0" encoding="UTF-8"?>
<!-- Generated by org.testng.reporters.JUnitXMLReporter -->
<testsuite hostname="DESKTOP-QOG61BE" ignored="0" name="Test" tests="11" failures="0" timestamp="04 Jan 2024 03:30:40 GMT" time="0.02" errors="0">
  <testcase name="apple" time="0.0" classname="com.org.FruitsTest"/>
  <testcase name="grapes" time="0.0" classname="com.org.FruitsTest"/>
  <testcase name="guva" time="0.0" classname="com.org.FruitsTest"/>
  <testcase name="pomegranate" time="0.0" classname="com.org.FruitsTest"/>
  <testcase name="zebra" time="0.0" classname="com.org.AnimalsTest"/>
  <testcase name="nine" time="0.0" classname="com.org.NumbersTest"/>
  <testcase name="orange" time="0.0" classname="com.org.Attribute3Test"/>
  <testcase name="mango" time="0.0" classname="com.org.Attribute3Test"/>
  <testcase name="promo" time="0.0" classname="com.org.Attribute3Test"/>
  <testcase name="grapes" time="0.0" classname="com.org.Attribute3Test"/>
  <testcase name="apple" time="0.0" classname="com.org.Attribute3Test"/>
</testsuite> <!-- Test -->
