<?xml version="1.0" encoding="UTF-8"?>
<!-- Generated by org.testng.reporters.JUnitXMLReporter -->
<testsuite hostname="DESKTOP-QOG61BE" ignored="0" name="Test" tests="10" failures="0" timestamp="02 Jan 2024 00:46:46 GMT" time="5.91" errors="0">
  <testcase name="updateTest" time="2.671" classname="com.api.UpdateTest"/>
  <testcase name="newUser" time="0.393" classname="com.api.CreateUser"/>
  <testcase name="country" time="1.315" classname="com.api.CountryTest"/>
  <testcase name="assertTest" time="0.346" classname="com.api.AssertTest"/>
  <testcase name="register" time="0.304" classname="com.api.ResgisterTest"/>
  <testcase name="listResource" time="0.11" classname="com.api.ListResource"/>
  <testcase name="allUsers" time="0.14" classname="com.api.AllUsersTest"/>
  <testcase name="allUsers1" time="0.19" classname="com.api.AllUsersTest"/>
  <testcase name="singleUser" time="0.14" classname="com.api.AllUsersTest"/>
  <testcase name="deleteTest" time="0.3" classname="com.api.DeleteTest"/>
</testsuite> <!-- Test -->
