<?xml version="1.0" encoding="UTF-8"?>
<!-- Generated by org.testng.reporters.JUnitXMLReporter -->
<testsuite hostname="DESKTOP-QOG61BE" ignored="0" name="Test" tests="10" failures="0" timestamp="04 Jan 2024 03:30:47 GMT" time="6.141" errors="0">
  <testcase name="updateTest" time="2.79" classname="com.api.UpdateTest"/>
  <testcase name="newUser" time="0.433" classname="com.api.CreateUser"/>
  <testcase name="country" time="1.317" classname="com.api.CountryTest"/>
  <testcase name="assertTest" time="0.34" classname="com.api.AssertTest"/>
  <testcase name="register" time="0.39" classname="com.api.ResgisterTest"/>
  <testcase name="listResource" time="0.12" classname="com.api.ListResource"/>
  <testcase name="allUsers" time="0.155" classname="com.api.AllUsersTest"/>
  <testcase name="allUsers1" time="0.187" classname="com.api.AllUsersTest"/>
  <testcase name="singleUser" time="0.118" classname="com.api.AllUsersTest"/>
  <testcase name="deleteTest" time="0.29" classname="com.api.DeleteTest"/>
</testsuite> <!-- Test -->
