<?xml version="1.0" encoding="UTF-8"?>
<testsuite xmlns:xsi="http://www.w3.org/2001/XMLSchema-instance" xsi:noNamespaceSchemaLocation="https://maven.apache.org/surefire/maven-surefire-plugin/xsd/surefire-test-report.xsd" name="TestSuite" time="6.83" tests="38" errors="0" skipped="0" failures="0">
  <properties>
[...]
</properties>
  <testcase name="apple" classname="com.org.FruitsTest" time="0"/>
  <testcase name="grapes" classname="com.org.FruitsTest" time="0"/>
  <testcase name="guva" classname="com.org.FruitsTest" time="0"/>
  <testcase name="pomegranate" classname="com.org.FruitsTest" time="0"/>
  <testcase name="zebra" classname="com.org.AnimalsTest" time="0"/>
  <testcase name="nine" classname="com.org.NumbersTest" time="0"/>
  <testcase name="orange" classname="com.org.Attribute3Test" time="0"/>
  <testcase name="mango" classname="com.org.Attribute3Test" time="0.01"/>
  <testcase name="promo" classname="com.org.Attribute3Test" time="0"/>
  <testcase name="grapes" classname="com.org.Attribute3Test" time="0"/>
  <testcase name="apple" classname="com.org.Attribute3Test" time="0"/>
  <testcase name="cart" classname="com.org.PaymentTest" time="0"/>
  <testcase name="billing" classname="com.org.PaymentTest" time="0"/>
  <testcase name="payment" classname="com.org.PaymentTest" time="0.01"/>
  <testcase name="attribute2" classname="com.org.Attribute2Test" time="0"/>
  <testcase name="attribute1" classname="com.org.Attribute1Test" time="0.004"/>
  <testcase name="attribute1" classname="com.org.Attribute1Test" time="0"/>
  <testcase name="attribute1" classname="com.org.Attribute1Test" time="0.006"/>
  <testcase name="loginPage" classname="com.org.AttributeGroup1Test" time="0"/>
  <testcase name="chilly" classname="com.vegetables.ChillyTest" time="0"/>
  <testcase name="potato" classname="com.vegetables.PotatoTest" time="0"/>
  <testcase name="beans" classname="com.vegetables.BeansTest" time="0"/>
  <testcase name="tomato" classname="com.vegetables.TomatoTest" time="0"/>
  <testcase name="onion" classname="com.vegetables.OnionTest" time="0"/>
  <testcase name="orange" classname="com.fruits.OrangeTest" time="0"/>
  <testcase name="mango" classname="com.fruits.MangoTest" time="0"/>
  <testcase name="apple" classname="com.fruits.AppleTest" time="0"/>
  <testcase name="pomogranate" classname="com.fruits.PomogranateTest" time="0"/>
  <testcase name="updateTest" classname="com.api.UpdateTest" time="2.671"/>
  <testcase name="newUser" classname="com.api.CreateUser" time="0.418"/>
  <testcase name="country" classname="com.api.CountryTest" time="1.29"/>
  <testcase name="assertTest" classname="com.api.AssertTest" time="0.362"/>
  <testcase name="register" classname="com.api.ResgisterTest" time="0.308"/>
  <testcase name="listResource" classname="com.api.ListResource" time="0.122"/>
  <testcase name="allUsers" classname="com.api.AllUsersTest" time="0.148"/>
  <testcase name="allUsers1" classname="com.api.AllUsersTest" time="0.15"/>
  <testcase name="singleUser" classname="com.api.AllUsersTest" time="0.14"/>
  <testcase name="deleteTest" classname="com.api.DeleteTest" time="0.33"/>
</testsuite>