<?xml version="1.0" encoding="UTF-8"?>
<!-- Generated by org.testng.reporters.JUnitXMLReporter -->
<testsuite hostname="DESKTOP-QOG61BE" ignored="0" name="Test" tests="7" failures="0" timestamp="04 Jan 2024 03:30:40 GMT" time="0.01" errors="0">
  <testcase name="cart" time="0.0" classname="com.org.ItemsToCart"/>
  <testcase name="billing" time="0.0" classname="com.org.BillingTest"/>
  <testcase name="payment" time="0.0" classname="com.org.PaymentTest"/>
  <testcase name="attribute2" time="0.007" classname="com.org.Attribute2Test"/>
  <testcase name="attribute1" time="0.003" classname="com.org.Attribute1Test"/>
  <testcase name="attribute1" time="0.0" classname="com.org.Attribute1Test"/>
  <testcase name="attribute1" time="0.0" classname="com.org.Attribute1Test"/>
</testsuite> <!-- Test -->
