<?xml version="1.0" encoding="UTF-8"?>
<testng-results skipped="0" failed="0" total="1" passed="1">
  <reporter-output>
  </reporter-output>
  <suite name="Default suite" duration-ms="2252" started-at="2024-01-03T02:44:58Z" finished-at="2024-01-03T02:45:00Z">
    <groups>
    </groups>
    <test name="Default test" duration-ms="2252" started-at="2024-01-03T02:44:58Z" finished-at="2024-01-03T02:45:00Z">
      <class name="DeleteTest">
        <test-method status="PASS" signature="delete()[pri:0, instance:DeleteTest@1b0375b3]" name="delete" duration-ms="2237" started-at="2024-01-02T20:44:58Z" finished-at="2024-01-02T20:45:00Z">
          <reporter-output>
          </reporter-output>
        </test-method> <!-- delete -->
      </class> <!-- DeleteTest -->
    </test> <!-- Default test -->
  </suite> <!-- Default suite -->
</testng-results>
